http://www.oss4aix.org/download/RPMS/subversion/subversion-1.7.3-1.aix5.1.ppc.rpm
http://www.oss4aix.org/download/RPMS/subversion/subversion-devel-1.7.3-1.aix5.1.ppc.rpm
http://www.oss4aix.org/download/RPMS/subversion/mod_dav_svn-1.7.3-1.aix5.1.ppc.rpm
http://www.oss4aix.org/download/RPMS/apr/apr-1.4.6-1.aix5.2.ppc.rpm
http://www.oss4aix.org/download/RPMS/apr/apr-devel-1.4.6-1.aix5.2.ppc.rpm
http://www.oss4aix.org/download/RPMS/apr-util/apr-util-1.4.1-1.aix5.1.ppc.rpm
http://www.oss4aix.org/download/RPMS/apr-util/apr-util-db4-1.4.1-1.aix5.1.ppc.rpm
http://www.oss4aix.org/download/RPMS/apr-util/apr-util-devel-1.4.1-1.aix5.1.ppc.rpm
http://www.oss4aix.org/download/RPMS/apr-util/apr-util-freetds-1.4.1-1.aix5.1.ppc.rpm
http://www.oss4aix.org/download/RPMS/apr-util/apr-util-gdbm-1.4.1-1.aix5.1.ppc.rpm
http://www.oss4aix.org/download/RPMS/apr-util/apr-util-ldap-1.4.1-1.aix5.1.ppc.rpm
http://www.oss4aix.org/download/RPMS/apr-util/apr-util-odbc-1.4.1-1.aix5.1.ppc.rpm
http://www.oss4aix.org/download/RPMS/apr-util/apr-util-sqlite-1.4.1-1.aix5.1.ppc.rpm
http://www.oss4aix.org/download/RPMS/expat/expat-2.0.1-3.aix5.1.ppc.rpm
http://www.oss4aix.org/download/RPMS/expat/expat-devel-2.0.1-3.aix5.1.ppc.rpm
http://www.oss4aix.org/download/RPMS/file/file-libs-5.05-1.aix5.1.ppc.rpm
http://www.oss4aix.org/download/RPMS/neon/neon-0.29.5-1.aix5.1.ppc.rpm
http://www.oss4aix.org/download/RPMS/neon/neon-devel-0.29.5-1.aix5.1.ppc.rpm
http://www.oss4aix.org/download/RPMS/sqlite/sqlite-3.7.9-1.aix5.1.ppc.rpm
http://www.oss4aix.org/download/RPMS/zlib/zlib-1.2.6-1.aix5.1.ppc.rpm
http://www.oss4aix.org/download/RPMS/pkg-config/pkg-config-0.25-2.aix5.1.ppc.rpm
http://www.oss4aix.org/download/RPMS/readline/readline-6.2-3.aix5.1.ppc.rpm
http://www.oss4aix.org/download/RPMS/gettext/gettext-0.17-1.aix5.1.ppc.rpm
http://www.oss4aix.org/download/RPMS/gettext/gettext-devel-0.17-1.aix5.1.ppc.rpm
